Determining if the pthread_create exist failed with the following output:
Change Dir: /home/noidname/UV_Robotic_Challenge-Software/catkin_ws/build/CMakeFiles/CMakeTmp

Run Build Command:"/usr/bin/make" "cmTC_de40f/fast"
/usr/bin/make -f CMakeFiles/cmTC_de40f.dir/build.make CMakeFiles/cmTC_de40f.dir/build
make[1]: Entering directory '/home/noidname/UV_Robotic_Challenge-Software/catkin_ws/build/CMakeFiles/CMakeTmp'
Building C object CMakeFiles/cmTC_de40f.dir/CheckSymbolExists.c.o
/usr/bin/cc    -o CMakeFiles/cmTC_de40f.dir/CheckSymbolExists.c.o   -c /home/noidname/UV_Robotic_Challenge-Software/catkin_ws/build/CMakeFiles/CMakeTmp/CheckSymbolExists.c
Linking C executable cmTC_de40f
/usr/bin/cmake -E cmake_link_script CMakeFiles/cmTC_de40f.dir/link.txt --verbose=1
/usr/bin/cc      -rdynamic CMakeFiles/cmTC_de40f.dir/CheckSymbolExists.c.o  -o cmTC_de40f 
CMakeFiles/cmTC_de40f.dir/CheckSymbolExists.c.o: 於函式 main:
CheckSymbolExists.c:(.text+0x1b): 未定義參考到 pthread_create
collect2: error: ld returned 1 exit status
CMakeFiles/cmTC_de40f.dir/build.make:97: recipe for target 'cmTC_de40f' failed
make[1]: *** [cmTC_de40f] Error 1
make[1]: Leaving directory '/home/noidname/UV_Robotic_Challenge-Software/catkin_ws/build/CMakeFiles/CMakeTmp'
Makefile:126: recipe for target 'cmTC_de40f/fast' failed
make: *** [cmTC_de40f/fast] Error 2

File /home/noidname/UV_Robotic_Challenge-Software/catkin_ws/build/CMakeFiles/CMakeTmp/CheckSymbolExists.c:
/* */
#include <pthread.h>

int main(int argc, char** argv)
{
  (void)argv;
#ifndef pthread_create
  return ((int*)(&pthread_create))[argc];
#else
  (void)argc;
  return 0;
#endif
}

Determining if the function pthread_create exists in the pthreads failed with the following output:
Change Dir: /home/noidname/UV_Robotic_Challenge-Software/catkin_ws/build/CMakeFiles/CMakeTmp

Run Build Command:"/usr/bin/make" "cmTC_1e6a2/fast"
/usr/bin/make -f CMakeFiles/cmTC_1e6a2.dir/build.make CMakeFiles/cmTC_1e6a2.dir/build
make[1]: Entering directory '/home/noidname/UV_Robotic_Challenge-Software/catkin_ws/build/CMakeFiles/CMakeTmp'
Building C object CMakeFiles/cmTC_1e6a2.dir/CheckFunctionExists.c.o
/usr/bin/cc   -DCHECK_FUNCTION_EXISTS=pthread_create   -o CMakeFiles/cmTC_1e6a2.dir/CheckFunctionExists.c.o   -c /usr/share/cmake-3.10/Modules/CheckFunctionExists.c
Linking C executable cmTC_1e6a2
/usr/bin/cmake -E cmake_link_script CMakeFiles/cmTC_1e6a2.dir/link.txt --verbose=1
/usr/bin/cc  -DCHECK_FUNCTION_EXISTS=pthread_create    -rdynamic CMakeFiles/cmTC_1e6a2.dir/CheckFunctionExists.c.o  -o cmTC_1e6a2 -lpthreads 
/usr/bin/ld: 找不到 -lpthreads
collect2: error: ld returned 1 exit status
CMakeFiles/cmTC_1e6a2.dir/build.make:97: recipe for target 'cmTC_1e6a2' failed
make[1]: *** [cmTC_1e6a2] Error 1
make[1]: Leaving directory '/home/noidname/UV_Robotic_Challenge-Software/catkin_ws/build/CMakeFiles/CMakeTmp'
Makefile:126: recipe for target 'cmTC_1e6a2/fast' failed
make: *** [cmTC_1e6a2/fast] Error 2


